<?xml version="1.0" encoding="UTF-8"?>
<testsuite xmlns:xsi="http://www.w3.org/2001/XMLSchema-instance" xsi:noNamespaceSchemaLocation="https://maven.apache.org/surefire/maven-surefire-plugin/xsd/surefire-test-report.xsd" name="lab.concert.app.HeroControllerTests" time="5.808" tests="8" errors="0" skipped="0" failures="0">
  <properties>
[...]
</properties>
  <testcase name="testUpdateHero" classname="lab.concert.app.HeroControllerTests" time="0.301"/>
  <testcase name="testListHeroes" classname="lab.concert.app.HeroControllerTests" time="0.516"/>
  <testcase name="testFindHeroByName" classname="lab.concert.app.HeroControllerTests" time="0.02"/>
  <testcase name="testFindHeroByRole" classname="lab.concert.app.HeroControllerTests" time="0.026"/>
  <testcase name="testHeroTeamRelationship" classname="lab.concert.app.HeroControllerTests" time="0.018"/>
  <testcase name="testCreateHero" classname="lab.concert.app.HeroControllerTests" time="0.035"/>
  <testcase name="testDeleteHero" classname="lab.concert.app.HeroControllerTests" time="0.041"/>
  <testcase name="testHeroHealthPointsValidation" classname="lab.concert.app.HeroControllerTests" time="0.033"/>
</testsuite>